<?xml version="1.0" encoding="UTF-8"?>
<coverage generated="1764393336143" clover="3.2.0">
  <project timestamp="1764393336143" name="All files">
    <metrics statements="144" coveredstatements="140" conditionals="120" coveredconditionals="108" methods="54" coveredmethods="50" elements="318" coveredelements="298" complexity="0" loc="144" ncloc="144" packages="9" files="9" classes="9"/>
    <package name="app">
      <metrics statements="33" coveredstatements="33" conditionals="22" coveredconditionals="21" methods="9" coveredmethods="9"/>
      <file name="page.tsx" path="/home/jistriane/Documentos/Projetos/StreamPay/frontend/app/page.tsx">
        <metrics statements="33" coveredstatements="33" conditionals="22" coveredconditionals="21" methods="9" coveredmethods="9"/>
        <line num="2" count="6" type="stmt"/>
        <line num="8" count="31" type="stmt"/>
        <line num="9" count="31" type="stmt"/>
        <line num="10" count="30" type="stmt"/>
        <line num="12" count="30" type="stmt"/>
        <line num="13" count="6" type="cond" truecount="2" falsecount="0"/>
        <line num="14" count="1" type="stmt"/>
        <line num="15" count="1" type="stmt"/>
        <line num="17" count="5" type="stmt"/>
        <line num="18" count="5" type="stmt"/>
        <line num="19" count="5" type="stmt"/>
        <line num="27" count="3" type="stmt"/>
        <line num="28" count="2" type="cond" truecount="4" falsecount="0"/>
        <line num="29" count="1" type="stmt"/>
        <line num="31" count="1" type="cond" truecount="1" falsecount="1"/>
        <line num="34" count="3" type="stmt"/>
        <line num="38" count="30" type="stmt"/>
        <line num="46" count="5" type="stmt"/>
        <line num="72" count="57" type="stmt"/>
        <line num="73" count="57" type="stmt"/>
        <line num="75" count="57" type="stmt"/>
        <line num="76" count="30" type="cond" truecount="2" falsecount="0"/>
        <line num="77" count="29" type="stmt"/>
        <line num="78" count="29" type="stmt"/>
        <line num="79" count="18" type="stmt"/>
        <line num="81" count="11" type="cond" truecount="2" falsecount="0"/>
        <line num="82" count="11" type="stmt"/>
        <line num="84" count="15" type="stmt"/>
        <line num="87" count="57" type="cond" truecount="2" falsecount="0"/>
        <line num="88" count="56" type="cond" truecount="2" falsecount="0"/>
        <line num="89" count="33" type="cond" truecount="2" falsecount="0"/>
        <line num="91" count="2" type="stmt"/>
        <line num="96" count="2" type="stmt"/>
      </file>
    </package>
    <package name="app.cadastro">
      <metrics statements="18" coveredstatements="18" conditionals="8" coveredconditionals="7" methods="5" coveredmethods="5"/>
      <file name="page.tsx" path="/home/jistriane/Documentos/Projetos/StreamPay/frontend/app/cadastro/page.tsx">
        <metrics statements="18" coveredstatements="18" conditionals="8" coveredconditionals="7" methods="5" coveredmethods="5"/>
        <line num="6" count="28" type="stmt"/>
        <line num="7" count="28" type="stmt"/>
        <line num="8" count="28" type="stmt"/>
        <line num="9" count="28" type="stmt"/>
        <line num="11" count="28" type="stmt"/>
        <line num="12" count="4" type="stmt"/>
        <line num="13" count="4" type="stmt"/>
        <line num="14" count="4" type="stmt"/>
        <line num="15" count="4" type="stmt"/>
        <line num="20" count="3" type="stmt"/>
        <line num="21" count="3" type="cond" truecount="4" falsecount="0"/>
        <line num="22" count="2" type="stmt"/>
        <line num="25" count="1" type="cond" truecount="1" falsecount="1"/>
        <line num="28" count="1" type="stmt"/>
        <line num="32" count="28" type="stmt"/>
        <line num="37" count="4" type="stmt"/>
        <line num="38" count="4" type="stmt"/>
        <line num="39" count="4" type="stmt"/>
      </file>
    </package>
    <package name="app.compliance">
      <metrics statements="9" coveredstatements="9" conditionals="14" coveredconditionals="14" methods="5" coveredmethods="5"/>
      <file name="page.tsx" path="/home/jistriane/Documentos/Projetos/StreamPay/frontend/app/compliance/page.tsx">
        <metrics statements="9" coveredstatements="9" conditionals="14" coveredconditionals="14" methods="5" coveredmethods="5"/>
        <line num="5" count="14" type="stmt"/>
        <line num="6" count="13" type="stmt"/>
        <line num="8" count="13" type="stmt"/>
        <line num="9" count="7" type="stmt"/>
        <line num="10" count="6" type="stmt"/>
        <line num="12" count="6" type="stmt"/>
        <line num="13" count="6" type="stmt"/>
        <line num="15" count="1" type="stmt"/>
        <line num="18" count="13" type="stmt"/>
      </file>
    </package>
    <package name="app.configuracoes">
      <metrics statements="26" coveredstatements="25" conditionals="20" coveredconditionals="20" methods="8" coveredmethods="7"/>
      <file name="page.tsx" path="/home/jistriane/Documentos/Projetos/StreamPay/frontend/app/configuracoes/page.tsx">
        <metrics statements="26" coveredstatements="25" conditionals="20" coveredconditionals="20" methods="8" coveredmethods="7"/>
        <line num="4" count="25" type="stmt"/>
        <line num="5" count="24" type="stmt"/>
        <line num="6" count="24" type="stmt"/>
        <line num="7" count="24" type="stmt"/>
        <line num="8" count="24" type="stmt"/>
        <line num="10" count="24" type="stmt"/>
        <line num="11" count="8" type="stmt"/>
        <line num="12" count="8" type="stmt"/>
        <line num="14" count="8" type="stmt"/>
        <line num="15" count="8" type="cond" truecount="2" falsecount="0"/>
        <line num="16" count="7" type="cond" truecount="2" falsecount="0"/>
        <line num="17" count="7" type="stmt"/>
        <line num="19" count="1" type="stmt"/>
        <line num="22" count="24" type="stmt"/>
        <line num="23" count="4" type="stmt"/>
        <line num="24" count="4" type="stmt"/>
        <line num="25" count="4" type="stmt"/>
        <line num="26" count="4" type="stmt"/>
        <line num="31" count="3" type="stmt"/>
        <line num="32" count="3" type="cond" truecount="4" falsecount="0"/>
        <line num="33" count="1" type="stmt"/>
        <line num="35" count="2" type="cond" truecount="2" falsecount="0"/>
        <line num="38" count="1" type="stmt"/>
        <line num="42" count="24" type="stmt"/>
        <line num="50" count="1" type="stmt"/>
        <line num="52" count="0" type="stmt"/>
      </file>
    </package>
    <package name="app.historico">
      <metrics statements="10" coveredstatements="10" conditionals="12" coveredconditionals="10" methods="6" coveredmethods="6"/>
      <file name="page.tsx" path="/home/jistriane/Documentos/Projetos/StreamPay/frontend/app/historico/page.tsx">
        <metrics statements="10" coveredstatements="10" conditionals="12" coveredconditionals="10" methods="6" coveredmethods="6"/>
        <line num="5" count="12" type="stmt"/>
        <line num="6" count="11" type="stmt"/>
        <line num="8" count="11" type="stmt"/>
        <line num="9" count="6" type="stmt"/>
        <line num="10" count="5" type="stmt"/>
        <line num="12" count="5" type="cond" truecount="1" falsecount="1"/>
        <line num="13" count="4" type="stmt"/>
        <line num="15" count="2" type="stmt"/>
        <line num="18" count="11" type="stmt"/>
        <line num="27" count="1" type="stmt"/>
      </file>
    </package>
    <package name="app.login">
      <metrics statements="16" coveredstatements="16" conditionals="8" coveredconditionals="7" methods="4" coveredmethods="4"/>
      <file name="page.tsx" path="/home/jistriane/Documentos/Projetos/StreamPay/frontend/app/login/page.tsx">
        <metrics statements="16" coveredstatements="16" conditionals="8" coveredconditionals="7" methods="4" coveredmethods="4"/>
        <line num="5" count="23" type="stmt"/>
        <line num="6" count="23" type="stmt"/>
        <line num="7" count="23" type="stmt"/>
        <line num="9" count="23" type="stmt"/>
        <line num="10" count="4" type="stmt"/>
        <line num="11" count="4" type="stmt"/>
        <line num="12" count="4" type="stmt"/>
        <line num="13" count="4" type="stmt"/>
        <line num="18" count="2" type="stmt"/>
        <line num="19" count="2" type="cond" truecount="4" falsecount="0"/>
        <line num="20" count="1" type="stmt"/>
        <line num="23" count="1" type="cond" truecount="1" falsecount="1"/>
        <line num="26" count="1" type="stmt"/>
        <line num="30" count="23" type="stmt"/>
        <line num="36" count="4" type="stmt"/>
        <line num="37" count="4" type="stmt"/>
      </file>
    </package>
    <package name="app.monitoramento">
      <metrics statements="10" coveredstatements="9" conditionals="12" coveredconditionals="7" methods="6" coveredmethods="5"/>
      <file name="page.tsx" path="/home/jistriane/Documentos/Projetos/StreamPay/frontend/app/monitoramento/page.tsx">
        <metrics statements="10" coveredstatements="9" conditionals="12" coveredconditionals="7" methods="6" coveredmethods="5"/>
        <line num="5" count="6" type="stmt"/>
        <line num="6" count="5" type="stmt"/>
        <line num="8" count="5" type="stmt"/>
        <line num="9" count="3" type="stmt"/>
        <line num="10" count="2" type="stmt"/>
        <line num="12" count="2" type="stmt"/>
        <line num="13" count="2" type="stmt"/>
        <line num="15" count="1" type="stmt"/>
        <line num="18" count="5" type="stmt"/>
        <line num="26" count="0" type="stmt"/>
      </file>
    </package>
    <package name="app.notificacoes">
      <metrics statements="10" coveredstatements="9" conditionals="10" coveredconditionals="9" methods="6" coveredmethods="5"/>
      <file name="page.tsx" path="/home/jistriane/Documentos/Projetos/StreamPay/frontend/app/notificacoes/page.tsx">
        <metrics statements="10" coveredstatements="9" conditionals="10" coveredconditionals="9" methods="6" coveredmethods="5"/>
        <line num="4" count="5" type="stmt"/>
        <line num="5" count="5" type="stmt"/>
        <line num="7" count="5" type="stmt"/>
        <line num="8" count="3" type="stmt"/>
        <line num="9" count="2" type="stmt"/>
        <line num="11" count="2" type="cond" truecount="1" falsecount="1"/>
        <line num="12" count="2" type="stmt"/>
        <line num="14" count="0" type="stmt"/>
        <line num="17" count="5" type="stmt"/>
        <line num="26" count="2" type="stmt"/>
      </file>
    </package>
    <package name="app.stream.[id]">
      <metrics statements="12" coveredstatements="11" conditionals="14" coveredconditionals="13" methods="5" coveredmethods="4"/>
      <file name="page.tsx" path="/home/jistriane/Documentos/Projetos/StreamPay/frontend/app/stream/[id]/page.tsx">
        <metrics statements="12" coveredstatements="11" conditionals="14" coveredconditionals="13" methods="5" coveredmethods="4"/>
        <line num="5" count="8" type="stmt"/>
        <line num="6" count="8" type="stmt"/>
        <line num="7" count="8" type="stmt"/>
        <line num="8" count="8" type="stmt"/>
        <line num="10" count="8" type="stmt"/>
        <line num="11" count="5" type="cond" truecount="1" falsecount="1"/>
        <line num="12" count="5" type="stmt"/>
        <line num="13" count="3" type="stmt"/>
        <line num="15" count="3" type="stmt"/>
        <line num="16" count="3" type="stmt"/>
        <line num="18" count="0" type="stmt"/>
        <line num="21" count="8" type="stmt"/>
      </file>
    </package>
  </project>
</coverage>
