{"/home/jistriane/Documentos/Projetos/StreamPay/frontend/app/page.tsx": {"path":"/home/jistriane/Documentos/Projetos/StreamPay/frontend/app/page.tsx","statementMap":{"0":{"start":{"line":2,"column":0},"end":{"line":2,"column":13}},"1":{"start":{"line":8,"column":22},"end":{"line":8,"column":34}},"2":{"start":{"line":9,"column":30},"end":{"line":9,"column":42}},"3":{"start":{"line":10,"column":34},"end":{"line":10,"column":63}},"4":{"start":{"line":12,"column":25},"end":{"line":36,"column":3}},"5":{"start":{"line":13,"column":4},"end":{"line":16,"column":5}},"6":{"start":{"line":14,"column":6},"end":{"line":14,"column":39}},"7":{"start":{"line":15,"column":6},"end":{"line":15,"column":13}},"8":{"start":{"line":17,"column":4},"end":{"line":17,"column":34}},"9":{"start":{"line":18,"column":4},"end":{"line":35,"column":5}},"10":{"start":{"line":19,"column":23},"end":{"line":26,"column":8}},"11":{"start":{"line":27,"column":19},"end":{"line":27,"column":40}},"12":{"start":{"line":28,"column":6},"end":{"line":32,"column":7}},"13":{"start":{"line":29,"column":8},"end":{"line":29,"column":63}},"14":{"start":{"line":31,"column":8},"end":{"line":31,"column":72}},"15":{"start":{"line":34,"column":6},"end":{"line":34,"column":42}},"16":{"start":{"line":38,"column":2},"end":{"line":66,"column":4}},"17":{"start":{"line":46,"column":27},"end":{"line":46,"column":52}},"18":{"start":{"line":72,"column":32},"end":{"line":72,"column":51}},"19":{"start":{"line":73,"column":32},"end":{"line":73,"column":47}},"20":{"start":{"line":75,"column":2},"end":{"line":85,"column":16}},"21":{"start":{"line":76,"column":4},"end":{"line":76,"column":25}},"22":{"start":{"line":76,"column":18},"end":{"line":76,"column":25}},"23":{"start":{"line":77,"column":4},"end":{"line":77,"column":21}},"24":{"start":{"line":78,"column":4},"end":{"line":84,"column":38}},"25":{"start":{"line":79,"column":19},"end":{"line":79,"column":29}},"26":{"start":{"line":81,"column":8},"end":{"line":81,"column":39}},"27":{"start":{"line":82,"column":8},"end":{"line":82,"column":26}},"28":{"start":{"line":84,"column":19},"end":{"line":84,"column":36}},"29":{"start":{"line":87,"column":2},"end":{"line":87,"column":102}},"30":{"start":{"line":87,"column":16},"end":{"line":87,"column":102}},"31":{"start":{"line":88,"column":2},"end":{"line":88,"column":81}},"32":{"start":{"line":88,"column":15},"end":{"line":88,"column":81}},"33":{"start":{"line":89,"column":2},"end":{"line":89,"column":104}},"34":{"start":{"line":89,"column":28},"end":{"line":89,"column":104}},"35":{"start":{"line":91,"column":2},"end":{"line":106,"column":4}},"36":{"start":{"line":96,"column":10},"end":{"line":102,"column":15}}},"fnMap":{"0":{"name":"StreamPayDashboard","decl":{"start":{"line":7,"column":24},"end":{"line":7,"column":42}},"loc":{"start":{"line":7,"column":45},"end":{"line":108,"column":1}},"line":7},"1":{"name":"(anonymous_1)","decl":{"start":{"line":12,"column":25},"end":{"line":12,"column":26}},"loc":{"start":{"line":12,"column":37},"end":{"line":36,"column":3}},"line":12},"2":{"name":"(anonymous_2)","decl":{"start":{"line":46,"column":22},"end":{"line":46,"column":23}},"loc":{"start":{"line":46,"column":27},"end":{"line":46,"column":52}},"line":46},"3":{"name":"StreamsList","decl":{"start":{"line":71,"column":9},"end":{"line":71,"column":20}},"loc":{"start":{"line":71,"column":56},"end":{"line":107,"column":1}},"line":71},"4":{"name":"(anonymous_4)","decl":{"start":{"line":75,"column":12},"end":{"line":75,"column":13}},"loc":{"start":{"line":75,"column":18},"end":{"line":85,"column":3}},"line":75},"5":{"name":"(anonymous_5)","decl":{"start":{"line":79,"column":12},"end":{"line":79,"column":13}},"loc":{"start":{"line":79,"column":19},"end":{"line":79,"column":29}},"line":79},"6":{"name":"(anonymous_6)","decl":{"start":{"line":80,"column":12},"end":{"line":80,"column":13}},"loc":{"start":{"line":80,"column":20},"end":{"line":83,"column":7}},"line":80},"7":{"name":"(anonymous_7)","decl":{"start":{"line":84,"column":13},"end":{"line":84,"column":14}},"loc":{"start":{"line":84,"column":19},"end":{"line":84,"column":36}},"line":84},"8":{"name":"(anonymous_8)","decl":{"start":{"line":95,"column":21},"end":{"line":95,"column":22}},"loc":{"start":{"line":96,"column":10},"end":{"line":102,"column":15}},"line":96}},"branchMap":{"0":{"loc":{"start":{"line":13,"column":4},"end":{"line":16,"column":5}},"type":"if","locations":[{"start":{"line":13,"column":4},"end":{"line":16,"column":5}},{"start":{},"end":{}}],"line":13},"1":{"loc":{"start":{"line":28,"column":6},"end":{"line":32,"column":7}},"type":"if","locations":[{"start":{"line":28,"column":6},"end":{"line":32,"column":7}},{"start":{"line":30,"column":13},"end":{"line":32,"column":7}}],"line":28},"2":{"loc":{"start":{"line":28,"column":10},"end":{"line":28,"column":36}},"type":"binary-expr","locations":[{"start":{"line":28,"column":10},"end":{"line":28,"column":21}},{"start":{"line":28,"column":25},"end":{"line":28,"column":36}}],"line":28},"3":{"loc":{"start":{"line":31,"column":32},"end":{"line":31,"column":69}},"type":"binary-expr","locations":[{"start":{"line":31,"column":32},"end":{"line":31,"column":42}},{"start":{"line":31,"column":46},"end":{"line":31,"column":69}}],"line":31},"4":{"loc":{"start":{"line":56,"column":11},"end":{"line":60,"column":11}},"type":"binary-expr","locations":[{"start":{"line":56,"column":11},"end":{"line":56,"column":19}},{"start":{"line":57,"column":12},"end":{"line":59,"column":18}}],"line":56},"5":{"loc":{"start":{"line":76,"column":4},"end":{"line":76,"column":25}},"type":"if","locations":[{"start":{"line":76,"column":4},"end":{"line":76,"column":25}},{"start":{},"end":{}}],"line":76},"6":{"loc":{"start":{"line":81,"column":19},"end":{"line":81,"column":37}},"type":"binary-expr","locations":[{"start":{"line":81,"column":19},"end":{"line":81,"column":31}},{"start":{"line":81,"column":35},"end":{"line":81,"column":37}}],"line":81},"7":{"loc":{"start":{"line":87,"column":2},"end":{"line":87,"column":102}},"type":"if","locations":[{"start":{"line":87,"column":2},"end":{"line":87,"column":102}},{"start":{},"end":{}}],"line":87},"8":{"loc":{"start":{"line":88,"column":2},"end":{"line":88,"column":81}},"type":"if","locations":[{"start":{"line":88,"column":2},"end":{"line":88,"column":81}},{"start":{},"end":{}}],"line":88},"9":{"loc":{"start":{"line":89,"column":2},"end":{"line":89,"column":104}},"type":"if","locations":[{"start":{"line":89,"column":2},"end":{"line":89,"column":104}},{"start":{},"end":{}}],"line":89},"10":{"loc":{"start":{"line":101,"column":43},"end":{"line":101,"column":81}},"type":"cond-expr","locations":[{"start":{"line":101,"column":59},"end":{"line":101,"column":66}},{"start":{"line":101,"column":69},"end":{"line":101,"column":81}}],"line":101}},"s":{"0":6,"1":31,"2":31,"3":30,"4":30,"5":6,"6":1,"7":1,"8":5,"9":5,"10":5,"11":3,"12":2,"13":1,"14":1,"15":3,"16":30,"17":5,"18":57,"19":57,"20":57,"21":30,"22":1,"23":29,"24":29,"25":18,"26":11,"27":11,"28":15,"29":57,"30":1,"31":56,"32":23,"33":33,"34":31,"35":2,"36":2},"f":{"0":31,"1":6,"2":5,"3":57,"4":30,"5":18,"6":11,"7":15,"8":2},"b":{"0":[1,5],"1":[1,1],"2":[2,1],"3":[1,0],"4":[30,11],"5":[1,29],"6":[11,4],"7":[1,56],"8":[23,33],"9":[31,2],"10":[1,1]},"_coverageSchema":"1a1c01bbd47fc00a2c39e90264f33305004495a9","hash":"a5b756594d96c30e6bad24fd692fc1bb48b959c2"}
,"/home/jistriane/Documentos/Projetos/StreamPay/frontend/app/cadastro/page.tsx": {"path":"/home/jistriane/Documentos/Projetos/StreamPay/frontend/app/cadastro/page.tsx","statementMap":{"0":{"start":{"line":6,"column":26},"end":{"line":6,"column":38}},"1":{"start":{"line":7,"column":28},"end":{"line":7,"column":40}},"2":{"start":{"line":8,"column":28},"end":{"line":8,"column":40}},"3":{"start":{"line":9,"column":30},"end":{"line":9,"column":59}},"4":{"start":{"line":11,"column":25},"end":{"line":30,"column":3}},"5":{"start":{"line":12,"column":4},"end":{"line":12,"column":23}},"6":{"start":{"line":13,"column":4},"end":{"line":13,"column":32}},"7":{"start":{"line":14,"column":4},"end":{"line":29,"column":5}},"8":{"start":{"line":15,"column":18},"end":{"line":19,"column":8}},"9":{"start":{"line":20,"column":19},"end":{"line":20,"column":35}},"10":{"start":{"line":21,"column":6},"end":{"line":26,"column":7}},"11":{"start":{"line":22,"column":8},"end":{"line":22,"column":41}},"12":{"start":{"line":25,"column":8},"end":{"line":25,"column":66}},"13":{"start":{"line":28,"column":6},"end":{"line":28,"column":40}},"14":{"start":{"line":32,"column":2},"end":{"line":45,"column":4}},"15":{"start":{"line":37,"column":57},"end":{"line":37,"column":80}},"16":{"start":{"line":38,"column":59},"end":{"line":38,"column":83}},"17":{"start":{"line":39,"column":62},"end":{"line":39,"column":86}}},"fnMap":{"0":{"name":"CadastroPage","decl":{"start":{"line":5,"column":24},"end":{"line":5,"column":36}},"loc":{"start":{"line":5,"column":39},"end":{"line":46,"column":1}},"line":5},"1":{"name":"(anonymous_1)","decl":{"start":{"line":11,"column":25},"end":{"line":11,"column":26}},"loc":{"start":{"line":11,"column":55},"end":{"line":30,"column":3}},"line":11},"2":{"name":"(anonymous_2)","decl":{"start":{"line":37,"column":52},"end":{"line":37,"column":53}},"loc":{"start":{"line":37,"column":57},"end":{"line":37,"column":80}},"line":37},"3":{"name":"(anonymous_3)","decl":{"start":{"line":38,"column":54},"end":{"line":38,"column":55}},"loc":{"start":{"line":38,"column":59},"end":{"line":38,"column":83}},"line":38},"4":{"name":"(anonymous_4)","decl":{"start":{"line":39,"column":57},"end":{"line":39,"column":58}},"loc":{"start":{"line":39,"column":62},"end":{"line":39,"column":86}},"line":39}},"branchMap":{"0":{"loc":{"start":{"line":21,"column":6},"end":{"line":26,"column":7}},"type":"if","locations":[{"start":{"line":21,"column":6},"end":{"line":26,"column":7}},{"start":{"line":24,"column":13},"end":{"line":26,"column":7}}],"line":21},"1":{"loc":{"start":{"line":21,"column":10},"end":{"line":21,"column":32}},"type":"binary-expr","locations":[{"start":{"line":21,"column":10},"end":{"line":21,"column":16}},{"start":{"line":21,"column":20},"end":{"line":21,"column":32}}],"line":21},"2":{"loc":{"start":{"line":25,"column":30},"end":{"line":25,"column":63}},"type":"binary-expr","locations":[{"start":{"line":25,"column":30},"end":{"line":25,"column":40}},{"start":{"line":25,"column":44},"end":{"line":25,"column":63}}],"line":25},"3":{"loc":{"start":{"line":42,"column":9},"end":{"line":42,"column":69}},"type":"binary-expr","locations":[{"start":{"line":42,"column":9},"end":{"line":42,"column":15}},{"start":{"line":42,"column":19},"end":{"line":42,"column":69}}],"line":42}},"s":{"0":28,"1":28,"2":28,"3":28,"4":28,"5":4,"6":4,"7":4,"8":4,"9":3,"10":3,"11":2,"12":1,"13":1,"14":28,"15":4,"16":4,"17":4},"f":{"0":28,"1":4,"2":4,"3":4,"4":4},"b":{"0":[2,1],"1":[3,2],"2":[1,0],"3":[28,8]},"_coverageSchema":"1a1c01bbd47fc00a2c39e90264f33305004495a9","hash":"c48d843a7a4945ffb985ab193ea893b45aaa8ebc"}
,"/home/jistriane/Documentos/Projetos/StreamPay/frontend/app/compliance/page.tsx": {"path":"/home/jistriane/Documentos/Projetos/StreamPay/frontend/app/compliance/page.tsx","statementMap":{"0":{"start":{"line":5,"column":24},"end":{"line":5,"column":43}},"1":{"start":{"line":6,"column":32},"end":{"line":6,"column":46}},"2":{"start":{"line":8,"column":2},"end":{"line":16,"column":9}},"3":{"start":{"line":9,"column":4},"end":{"line":15,"column":38}},"4":{"start":{"line":10,"column":19},"end":{"line":10,"column":29}},"5":{"start":{"line":12,"column":8},"end":{"line":12,"column":21}},"6":{"start":{"line":13,"column":8},"end":{"line":13,"column":26}},"7":{"start":{"line":15,"column":19},"end":{"line":15,"column":36}},"8":{"start":{"line":18,"column":2},"end":{"line":33,"column":4}}},"fnMap":{"0":{"name":"CompliancePage","decl":{"start":{"line":4,"column":24},"end":{"line":4,"column":38}},"loc":{"start":{"line":4,"column":41},"end":{"line":34,"column":1}},"line":4},"1":{"name":"(anonymous_1)","decl":{"start":{"line":8,"column":12},"end":{"line":8,"column":13}},"loc":{"start":{"line":8,"column":18},"end":{"line":16,"column":3}},"line":8},"2":{"name":"(anonymous_2)","decl":{"start":{"line":10,"column":12},"end":{"line":10,"column":13}},"loc":{"start":{"line":10,"column":19},"end":{"line":10,"column":29}},"line":10},"3":{"name":"(anonymous_3)","decl":{"start":{"line":11,"column":12},"end":{"line":11,"column":13}},"loc":{"start":{"line":11,"column":20},"end":{"line":14,"column":7}},"line":11},"4":{"name":"(anonymous_4)","decl":{"start":{"line":15,"column":13},"end":{"line":15,"column":14}},"loc":{"start":{"line":15,"column":19},"end":{"line":15,"column":36}},"line":15}},"branchMap":{"0":{"loc":{"start":{"line":22,"column":9},"end":{"line":22,"column":80}},"type":"binary-expr","locations":[{"start":{"line":22,"column":9},"end":{"line":22,"column":16}},{"start":{"line":22,"column":20},"end":{"line":22,"column":80}}],"line":22},"1":{"loc":{"start":{"line":23,"column":9},"end":{"line":29,"column":9}},"type":"binary-expr","locations":[{"start":{"line":23,"column":9},"end":{"line":23,"column":17}},{"start":{"line":23,"column":21},"end":{"line":23,"column":24}},{"start":{"line":24,"column":10},"end":{"line":28,"column":16}}],"line":23},"2":{"loc":{"start":{"line":25,"column":102},"end":{"line":25,"column":166}},"type":"cond-expr","locations":[{"start":{"line":25,"column":130},"end":{"line":25,"column":146}},{"start":{"line":25,"column":149},"end":{"line":25,"column":166}}],"line":25},"3":{"loc":{"start":{"line":26,"column":13},"end":{"line":26,"column":88}},"type":"binary-expr","locations":[{"start":{"line":26,"column":13},"end":{"line":26,"column":23}},{"start":{"line":26,"column":27},"end":{"line":26,"column":88}}],"line":26},"4":{"loc":{"start":{"line":27,"column":13},"end":{"line":27,"column":100}},"type":"binary-expr","locations":[{"start":{"line":27,"column":13},"end":{"line":27,"column":21}},{"start":{"line":27,"column":25},"end":{"line":27,"column":100}}],"line":27},"5":{"loc":{"start":{"line":30,"column":9},"end":{"line":30,"column":93}},"type":"binary-expr","locations":[{"start":{"line":30,"column":9},"end":{"line":30,"column":17}},{"start":{"line":30,"column":21},"end":{"line":30,"column":25}},{"start":{"line":30,"column":29},"end":{"line":30,"column":93}}],"line":30}},"s":{"0":14,"1":13,"2":13,"3":7,"4":6,"5":6,"6":6,"7":1,"8":13},"f":{"0":14,"1":7,"2":6,"3":6,"4":1},"b":{"0":[13,7],"1":[13,6,3],"2":[2,1],"3":[3,1],"4":[3,3],"5":[13,6,3]},"_coverageSchema":"1a1c01bbd47fc00a2c39e90264f33305004495a9","hash":"e5baeefcef8f7436594b6caf2097dd5f7661b034"}
,"/home/jistriane/Documentos/Projetos/StreamPay/frontend/app/configuracoes/page.tsx": {"path":"/home/jistriane/Documentos/Projetos/StreamPay/frontend/app/configuracoes/page.tsx","statementMap":{"0":{"start":{"line":4,"column":30},"end":{"line":4,"column":49}},"1":{"start":{"line":5,"column":32},"end":{"line":5,"column":46}},"2":{"start":{"line":6,"column":26},"end":{"line":6,"column":38}},"3":{"start":{"line":7,"column":28},"end":{"line":7,"column":40}},"4":{"start":{"line":8,"column":30},"end":{"line":8,"column":59}},"5":{"start":{"line":10,"column":2},"end":{"line":20,"column":9}},"6":{"start":{"line":11,"column":4},"end":{"line":19,"column":38}},"7":{"start":{"line":12,"column":19},"end":{"line":12,"column":29}},"8":{"start":{"line":14,"column":8},"end":{"line":14,"column":24}},"9":{"start":{"line":15,"column":8},"end":{"line":15,"column":33}},"10":{"start":{"line":16,"column":8},"end":{"line":16,"column":35}},"11":{"start":{"line":17,"column":8},"end":{"line":17,"column":26}},"12":{"start":{"line":19,"column":19},"end":{"line":19,"column":36}},"13":{"start":{"line":22,"column":23},"end":{"line":40,"column":3}},"14":{"start":{"line":23,"column":4},"end":{"line":23,"column":23}},"15":{"start":{"line":24,"column":4},"end":{"line":24,"column":29}},"16":{"start":{"line":25,"column":4},"end":{"line":39,"column":5}},"17":{"start":{"line":26,"column":18},"end":{"line":30,"column":8}},"18":{"start":{"line":31,"column":19},"end":{"line":31,"column":35}},"19":{"start":{"line":32,"column":6},"end":{"line":36,"column":7}},"20":{"start":{"line":33,"column":8},"end":{"line":33,"column":40}},"21":{"start":{"line":35,"column":8},"end":{"line":35,"column":74}},"22":{"start":{"line":38,"column":6},"end":{"line":38,"column":40}},"23":{"start":{"line":42,"column":2},"end":{"line":60,"column":4}},"24":{"start":{"line":50,"column":59},"end":{"line":50,"column":82}},"25":{"start":{"line":52,"column":61},"end":{"line":52,"column":85}}},"fnMap":{"0":{"name":"ConfiguracoesPage","decl":{"start":{"line":3,"column":24},"end":{"line":3,"column":41}},"loc":{"start":{"line":3,"column":44},"end":{"line":61,"column":1}},"line":3},"1":{"name":"(anonymous_1)","decl":{"start":{"line":10,"column":12},"end":{"line":10,"column":13}},"loc":{"start":{"line":10,"column":18},"end":{"line":20,"column":3}},"line":10},"2":{"name":"(anonymous_2)","decl":{"start":{"line":12,"column":12},"end":{"line":12,"column":13}},"loc":{"start":{"line":12,"column":19},"end":{"line":12,"column":29}},"line":12},"3":{"name":"(anonymous_3)","decl":{"start":{"line":13,"column":12},"end":{"line":13,"column":13}},"loc":{"start":{"line":13,"column":20},"end":{"line":18,"column":7}},"line":13},"4":{"name":"(anonymous_4)","decl":{"start":{"line":19,"column":13},"end":{"line":19,"column":14}},"loc":{"start":{"line":19,"column":19},"end":{"line":19,"column":36}},"line":19},"5":{"name":"(anonymous_5)","decl":{"start":{"line":22,"column":23},"end":{"line":22,"column":24}},"loc":{"start":{"line":22,"column":53},"end":{"line":40,"column":3}},"line":22},"6":{"name":"(anonymous_6)","decl":{"start":{"line":50,"column":54},"end":{"line":50,"column":55}},"loc":{"start":{"line":50,"column":59},"end":{"line":50,"column":82}},"line":50},"7":{"name":"(anonymous_7)","decl":{"start":{"line":52,"column":56},"end":{"line":52,"column":57}},"loc":{"start":{"line":52,"column":61},"end":{"line":52,"column":85}},"line":52}},"branchMap":{"0":{"loc":{"start":{"line":15,"column":16},"end":{"line":15,"column":31}},"type":"binary-expr","locations":[{"start":{"line":15,"column":16},"end":{"line":15,"column":25}},{"start":{"line":15,"column":29},"end":{"line":15,"column":31}}],"line":15},"1":{"loc":{"start":{"line":16,"column":17},"end":{"line":16,"column":33}},"type":"binary-expr","locations":[{"start":{"line":16,"column":17},"end":{"line":16,"column":27}},{"start":{"line":16,"column":31},"end":{"line":16,"column":33}}],"line":16},"2":{"loc":{"start":{"line":32,"column":6},"end":{"line":36,"column":7}},"type":"if","locations":[{"start":{"line":32,"column":6},"end":{"line":36,"column":7}},{"start":{"line":34,"column":13},"end":{"line":36,"column":7}}],"line":32},"3":{"loc":{"start":{"line":32,"column":10},"end":{"line":32,"column":32}},"type":"binary-expr","locations":[{"start":{"line":32,"column":10},"end":{"line":32,"column":16}},{"start":{"line":32,"column":20},"end":{"line":32,"column":32}}],"line":32},"4":{"loc":{"start":{"line":35,"column":30},"end":{"line":35,"column":71}},"type":"binary-expr","locations":[{"start":{"line":35,"column":30},"end":{"line":35,"column":40}},{"start":{"line":35,"column":44},"end":{"line":35,"column":71}}],"line":35},"5":{"loc":{"start":{"line":46,"column":9},"end":{"line":46,"column":73}},"type":"binary-expr","locations":[{"start":{"line":46,"column":9},"end":{"line":46,"column":16}},{"start":{"line":46,"column":20},"end":{"line":46,"column":73}}],"line":46},"6":{"loc":{"start":{"line":47,"column":9},"end":{"line":55,"column":9}},"type":"binary-expr","locations":[{"start":{"line":47,"column":9},"end":{"line":47,"column":17}},{"start":{"line":47,"column":21},"end":{"line":47,"column":27}},{"start":{"line":48,"column":10},"end":{"line":54,"column":17}}],"line":47},"7":{"loc":{"start":{"line":56,"column":9},"end":{"line":56,"column":69}},"type":"binary-expr","locations":[{"start":{"line":56,"column":9},"end":{"line":56,"column":15}},{"start":{"line":56,"column":19},"end":{"line":56,"column":69}}],"line":56},"8":{"loc":{"start":{"line":57,"column":9},"end":{"line":57,"column":100}},"type":"binary-expr","locations":[{"start":{"line":57,"column":9},"end":{"line":57,"column":17}},{"start":{"line":57,"column":21},"end":{"line":57,"column":28}},{"start":{"line":57,"column":32},"end":{"line":57,"column":100}}],"line":57}},"s":{"0":25,"1":24,"2":24,"3":24,"4":24,"5":24,"6":8,"7":8,"8":8,"9":8,"10":7,"11":7,"12":1,"13":24,"14":4,"15":4,"16":4,"17":4,"18":3,"19":3,"20":1,"21":2,"22":1,"23":24,"24":1,"25":0},"f":{"0":25,"1":8,"2":8,"3":8,"4":1,"5":4,"6":1,"7":0},"b":{"0":[8,3],"1":[7,3],"2":[1,2],"3":[3,1],"4":[2,1],"5":[24,8],"6":[24,16,15],"7":[24,8],"8":[24,16,1]},"_coverageSchema":"1a1c01bbd47fc00a2c39e90264f33305004495a9","hash":"e7b6fd901f20f3ae74d34cf8110330d5326e005f"}
,"/home/jistriane/Documentos/Projetos/StreamPay/frontend/app/historico/page.tsx": {"path":"/home/jistriane/Documentos/Projetos/StreamPay/frontend/app/historico/page.tsx","statementMap":{"0":{"start":{"line":5,"column":36},"end":{"line":5,"column":55}},"1":{"start":{"line":6,"column":32},"end":{"line":6,"column":46}},"2":{"start":{"line":8,"column":2},"end":{"line":16,"column":9}},"3":{"start":{"line":9,"column":4},"end":{"line":15,"column":38}},"4":{"start":{"line":10,"column":19},"end":{"line":10,"column":29}},"5":{"start":{"line":12,"column":8},"end":{"line":12,"column":41}},"6":{"start":{"line":13,"column":8},"end":{"line":13,"column":26}},"7":{"start":{"line":15,"column":19},"end":{"line":15,"column":36}},"8":{"start":{"line":18,"column":2},"end":{"line":40,"column":4}},"9":{"start":{"line":27,"column":14},"end":{"line":34,"column":19}}},"fnMap":{"0":{"name":"HistoricoPage","decl":{"start":{"line":4,"column":24},"end":{"line":4,"column":37}},"loc":{"start":{"line":4,"column":40},"end":{"line":41,"column":1}},"line":4},"1":{"name":"(anonymous_1)","decl":{"start":{"line":8,"column":12},"end":{"line":8,"column":13}},"loc":{"start":{"line":8,"column":18},"end":{"line":16,"column":3}},"line":8},"2":{"name":"(anonymous_2)","decl":{"start":{"line":10,"column":12},"end":{"line":10,"column":13}},"loc":{"start":{"line":10,"column":19},"end":{"line":10,"column":29}},"line":10},"3":{"name":"(anonymous_3)","decl":{"start":{"line":11,"column":12},"end":{"line":11,"column":13}},"loc":{"start":{"line":11,"column":20},"end":{"line":14,"column":7}},"line":11},"4":{"name":"(anonymous_4)","decl":{"start":{"line":15,"column":13},"end":{"line":15,"column":14}},"loc":{"start":{"line":15,"column":19},"end":{"line":15,"column":36}},"line":15},"5":{"name":"(anonymous_5)","decl":{"start":{"line":26,"column":27},"end":{"line":26,"column":28}},"loc":{"start":{"line":27,"column":14},"end":{"line":34,"column":19}},"line":27}},"branchMap":{"0":{"loc":{"start":{"line":12,"column":21},"end":{"line":12,"column":39}},"type":"binary-expr","locations":[{"start":{"line":12,"column":21},"end":{"line":12,"column":33}},{"start":{"line":12,"column":37},"end":{"line":12,"column":39}}],"line":12},"1":{"loc":{"start":{"line":22,"column":9},"end":{"line":22,"column":76}},"type":"binary-expr","locations":[{"start":{"line":22,"column":9},"end":{"line":22,"column":16}},{"start":{"line":22,"column":20},"end":{"line":22,"column":76}}],"line":22},"2":{"loc":{"start":{"line":23,"column":9},"end":{"line":23,"column":116}},"type":"binary-expr","locations":[{"start":{"line":23,"column":9},"end":{"line":23,"column":17}},{"start":{"line":23,"column":21},"end":{"line":23,"column":43}},{"start":{"line":23,"column":47},"end":{"line":23,"column":116}}],"line":23},"3":{"loc":{"start":{"line":24,"column":9},"end":{"line":37,"column":9}},"type":"binary-expr","locations":[{"start":{"line":24,"column":9},"end":{"line":24,"column":17}},{"start":{"line":24,"column":21},"end":{"line":24,"column":41}},{"start":{"line":25,"column":10},"end":{"line":36,"column":15}}],"line":24},"4":{"loc":{"start":{"line":32,"column":47},"end":{"line":32,"column":85}},"type":"cond-expr","locations":[{"start":{"line":32,"column":63},"end":{"line":32,"column":70}},{"start":{"line":32,"column":73},"end":{"line":32,"column":85}}],"line":32}},"s":{"0":12,"1":11,"2":11,"3":6,"4":5,"5":5,"6":4,"7":2,"8":11,"9":1},"f":{"0":12,"1":6,"2":5,"3":5,"4":2,"5":1},"b":{"0":[5,0],"1":[11,6],"2":[11,5,4],"3":[11,5,1],"4":[0,1]},"_coverageSchema":"1a1c01bbd47fc00a2c39e90264f33305004495a9","hash":"53604557ccd535b48ae66ba25e936722019aff1e"}
,"/home/jistriane/Documentos/Projetos/StreamPay/frontend/app/login/page.tsx": {"path":"/home/jistriane/Documentos/Projetos/StreamPay/frontend/app/login/page.tsx","statementMap":{"0":{"start":{"line":5,"column":28},"end":{"line":5,"column":40}},"1":{"start":{"line":6,"column":28},"end":{"line":6,"column":40}},"2":{"start":{"line":7,"column":30},"end":{"line":7,"column":59}},"3":{"start":{"line":9,"column":22},"end":{"line":28,"column":3}},"4":{"start":{"line":10,"column":4},"end":{"line":10,"column":23}},"5":{"start":{"line":11,"column":4},"end":{"line":11,"column":33}},"6":{"start":{"line":12,"column":4},"end":{"line":27,"column":5}},"7":{"start":{"line":13,"column":18},"end":{"line":17,"column":8}},"8":{"start":{"line":18,"column":19},"end":{"line":18,"column":35}},"9":{"start":{"line":19,"column":6},"end":{"line":24,"column":7}},"10":{"start":{"line":20,"column":8},"end":{"line":20,"column":38}},"11":{"start":{"line":23,"column":8},"end":{"line":23,"column":70}},"12":{"start":{"line":26,"column":6},"end":{"line":26,"column":40}},"13":{"start":{"line":30,"column":2},"end":{"line":43,"column":4}},"14":{"start":{"line":36,"column":59},"end":{"line":36,"column":83}},"15":{"start":{"line":37,"column":62},"end":{"line":37,"column":86}}},"fnMap":{"0":{"name":"LoginPage","decl":{"start":{"line":4,"column":24},"end":{"line":4,"column":33}},"loc":{"start":{"line":4,"column":36},"end":{"line":44,"column":1}},"line":4},"1":{"name":"(anonymous_1)","decl":{"start":{"line":9,"column":22},"end":{"line":9,"column":23}},"loc":{"start":{"line":9,"column":52},"end":{"line":28,"column":3}},"line":9},"2":{"name":"(anonymous_2)","decl":{"start":{"line":36,"column":54},"end":{"line":36,"column":55}},"loc":{"start":{"line":36,"column":59},"end":{"line":36,"column":83}},"line":36},"3":{"name":"(anonymous_3)","decl":{"start":{"line":37,"column":57},"end":{"line":37,"column":58}},"loc":{"start":{"line":37,"column":62},"end":{"line":37,"column":86}},"line":37}},"branchMap":{"0":{"loc":{"start":{"line":19,"column":6},"end":{"line":24,"column":7}},"type":"if","locations":[{"start":{"line":19,"column":6},"end":{"line":24,"column":7}},{"start":{"line":22,"column":13},"end":{"line":24,"column":7}}],"line":19},"1":{"loc":{"start":{"line":19,"column":10},"end":{"line":19,"column":30}},"type":"binary-expr","locations":[{"start":{"line":19,"column":10},"end":{"line":19,"column":16}},{"start":{"line":19,"column":20},"end":{"line":19,"column":30}}],"line":19},"2":{"loc":{"start":{"line":23,"column":30},"end":{"line":23,"column":67}},"type":"binary-expr","locations":[{"start":{"line":23,"column":30},"end":{"line":23,"column":40}},{"start":{"line":23,"column":44},"end":{"line":23,"column":67}}],"line":23},"3":{"loc":{"start":{"line":40,"column":9},"end":{"line":40,"column":69}},"type":"binary-expr","locations":[{"start":{"line":40,"column":9},"end":{"line":40,"column":15}},{"start":{"line":40,"column":19},"end":{"line":40,"column":69}}],"line":40}},"s":{"0":23,"1":23,"2":23,"3":23,"4":4,"5":4,"6":4,"7":4,"8":2,"9":2,"10":1,"11":1,"12":1,"13":23,"14":4,"15":4},"f":{"0":23,"1":4,"2":4,"3":4},"b":{"0":[1,1],"1":[2,2],"2":[1,0],"3":[23,7]},"_coverageSchema":"1a1c01bbd47fc00a2c39e90264f33305004495a9","hash":"7b7d862d9e6a03d399ef4c5093a803d91804be49"}
,"/home/jistriane/Documentos/Projetos/StreamPay/frontend/app/monitoramento/page.tsx": {"path":"/home/jistriane/Documentos/Projetos/StreamPay/frontend/app/monitoramento/page.tsx","statementMap":{"0":{"start":{"line":5,"column":30},"end":{"line":5,"column":49}},"1":{"start":{"line":6,"column":32},"end":{"line":6,"column":46}},"2":{"start":{"line":8,"column":2},"end":{"line":16,"column":9}},"3":{"start":{"line":9,"column":4},"end":{"line":15,"column":38}},"4":{"start":{"line":10,"column":19},"end":{"line":10,"column":29}},"5":{"start":{"line":12,"column":8},"end":{"line":12,"column":24}},"6":{"start":{"line":13,"column":8},"end":{"line":13,"column":26}},"7":{"start":{"line":15,"column":19},"end":{"line":15,"column":36}},"8":{"start":{"line":18,"column":2},"end":{"line":36,"column":4}},"9":{"start":{"line":26,"column":14},"end":{"line":29,"column":19}}},"fnMap":{"0":{"name":"MonitoramentoPage","decl":{"start":{"line":4,"column":24},"end":{"line":4,"column":41}},"loc":{"start":{"line":4,"column":44},"end":{"line":37,"column":1}},"line":4},"1":{"name":"(anonymous_1)","decl":{"start":{"line":8,"column":12},"end":{"line":8,"column":13}},"loc":{"start":{"line":8,"column":18},"end":{"line":16,"column":3}},"line":8},"2":{"name":"(anonymous_2)","decl":{"start":{"line":10,"column":12},"end":{"line":10,"column":13}},"loc":{"start":{"line":10,"column":19},"end":{"line":10,"column":29}},"line":10},"3":{"name":"(anonymous_3)","decl":{"start":{"line":11,"column":12},"end":{"line":11,"column":13}},"loc":{"start":{"line":11,"column":20},"end":{"line":14,"column":7}},"line":11},"4":{"name":"(anonymous_4)","decl":{"start":{"line":15,"column":13},"end":{"line":15,"column":14}},"loc":{"start":{"line":15,"column":19},"end":{"line":15,"column":36}},"line":15},"5":{"name":"(anonymous_5)","decl":{"start":{"line":25,"column":40},"end":{"line":25,"column":41}},"loc":{"start":{"line":26,"column":14},"end":{"line":29,"column":19}},"line":26}},"branchMap":{"0":{"loc":{"start":{"line":22,"column":9},"end":{"line":22,"column":73}},"type":"binary-expr","locations":[{"start":{"line":22,"column":9},"end":{"line":22,"column":16}},{"start":{"line":22,"column":20},"end":{"line":22,"column":73}}],"line":22},"1":{"loc":{"start":{"line":23,"column":9},"end":{"line":32,"column":9}},"type":"binary-expr","locations":[{"start":{"line":23,"column":9},"end":{"line":23,"column":17}},{"start":{"line":23,"column":21},"end":{"line":23,"column":27}},{"start":{"line":24,"column":10},"end":{"line":31,"column":15}}],"line":23},"2":{"loc":{"start":{"line":27,"column":87},"end":{"line":27,"column":143}},"type":"cond-expr","locations":[{"start":{"line":27,"column":110},"end":{"line":27,"column":126}},{"start":{"line":27,"column":129},"end":{"line":27,"column":143}}],"line":27},"3":{"loc":{"start":{"line":28,"column":17},"end":{"line":28,"column":89}},"type":"binary-expr","locations":[{"start":{"line":28,"column":17},"end":{"line":28,"column":27}},{"start":{"line":28,"column":31},"end":{"line":28,"column":89}}],"line":28},"4":{"loc":{"start":{"line":33,"column":9},"end":{"line":33,"column":102}},"type":"binary-expr","locations":[{"start":{"line":33,"column":9},"end":{"line":33,"column":17}},{"start":{"line":33,"column":21},"end":{"line":33,"column":28}},{"start":{"line":33,"column":32},"end":{"line":33,"column":102}}],"line":33}},"s":{"0":6,"1":5,"2":5,"3":3,"4":2,"5":2,"6":2,"7":1,"8":5,"9":0},"f":{"0":6,"1":3,"2":2,"3":2,"4":1,"5":0},"b":{"0":[5,3],"1":[5,2,0],"2":[0,0],"3":[0,0],"4":[5,2,2]},"_coverageSchema":"1a1c01bbd47fc00a2c39e90264f33305004495a9","hash":"3a1d0b6c696dc0cfee2c365536076ad1b15484ab"}
,"/home/jistriane/Documentos/Projetos/StreamPay/frontend/app/notificacoes/page.tsx": {"path":"/home/jistriane/Documentos/Projetos/StreamPay/frontend/app/notificacoes/page.tsx","statementMap":{"0":{"start":{"line":4,"column":42},"end":{"line":4,"column":61}},"1":{"start":{"line":5,"column":32},"end":{"line":5,"column":46}},"2":{"start":{"line":7,"column":2},"end":{"line":15,"column":9}},"3":{"start":{"line":8,"column":4},"end":{"line":14,"column":38}},"4":{"start":{"line":9,"column":19},"end":{"line":9,"column":29}},"5":{"start":{"line":11,"column":8},"end":{"line":11,"column":49}},"6":{"start":{"line":12,"column":8},"end":{"line":12,"column":26}},"7":{"start":{"line":14,"column":19},"end":{"line":14,"column":36}},"8":{"start":{"line":17,"column":2},"end":{"line":36,"column":4}},"9":{"start":{"line":26,"column":14},"end":{"line":30,"column":19}}},"fnMap":{"0":{"name":"NotificacoesPage","decl":{"start":{"line":3,"column":24},"end":{"line":3,"column":40}},"loc":{"start":{"line":3,"column":43},"end":{"line":37,"column":1}},"line":3},"1":{"name":"(anonymous_1)","decl":{"start":{"line":7,"column":12},"end":{"line":7,"column":13}},"loc":{"start":{"line":7,"column":18},"end":{"line":15,"column":3}},"line":7},"2":{"name":"(anonymous_2)","decl":{"start":{"line":9,"column":12},"end":{"line":9,"column":13}},"loc":{"start":{"line":9,"column":19},"end":{"line":9,"column":29}},"line":9},"3":{"name":"(anonymous_3)","decl":{"start":{"line":10,"column":12},"end":{"line":10,"column":13}},"loc":{"start":{"line":10,"column":20},"end":{"line":13,"column":7}},"line":10},"4":{"name":"(anonymous_4)","decl":{"start":{"line":14,"column":13},"end":{"line":14,"column":14}},"loc":{"start":{"line":14,"column":19},"end":{"line":14,"column":36}},"line":14},"5":{"name":"(anonymous_5)","decl":{"start":{"line":25,"column":30},"end":{"line":25,"column":31}},"loc":{"start":{"line":26,"column":14},"end":{"line":30,"column":19}},"line":26}},"branchMap":{"0":{"loc":{"start":{"line":11,"column":24},"end":{"line":11,"column":47}},"type":"binary-expr","locations":[{"start":{"line":11,"column":24},"end":{"line":11,"column":41}},{"start":{"line":11,"column":45},"end":{"line":11,"column":47}}],"line":11},"1":{"loc":{"start":{"line":21,"column":9},"end":{"line":21,"column":79}},"type":"binary-expr","locations":[{"start":{"line":21,"column":9},"end":{"line":21,"column":16}},{"start":{"line":21,"column":20},"end":{"line":21,"column":79}}],"line":21},"2":{"loc":{"start":{"line":22,"column":9},"end":{"line":22,"column":114}},"type":"binary-expr","locations":[{"start":{"line":22,"column":9},"end":{"line":22,"column":17}},{"start":{"line":22,"column":21},"end":{"line":22,"column":46}},{"start":{"line":22,"column":50},"end":{"line":22,"column":114}}],"line":22},"3":{"loc":{"start":{"line":23,"column":9},"end":{"line":33,"column":9}},"type":"binary-expr","locations":[{"start":{"line":23,"column":9},"end":{"line":23,"column":17}},{"start":{"line":23,"column":21},"end":{"line":23,"column":44}},{"start":{"line":24,"column":10},"end":{"line":32,"column":15}}],"line":23}},"s":{"0":5,"1":5,"2":5,"3":3,"4":2,"5":2,"6":2,"7":0,"8":5,"9":2},"f":{"0":5,"1":3,"2":2,"3":2,"4":0,"5":2},"b":{"0":[2,0],"1":[5,3],"2":[5,2,1],"3":[5,2,1]},"_coverageSchema":"1a1c01bbd47fc00a2c39e90264f33305004495a9","hash":"44ed5f4d584f5b5664ff2c6e7573d35db5c94c0d"}
,"/home/jistriane/Documentos/Projetos/StreamPay/frontend/app/stream/[id]/page.tsx": {"path":"/home/jistriane/Documentos/Projetos/StreamPay/frontend/app/stream/[id]/page.tsx","statementMap":{"0":{"start":{"line":5,"column":17},"end":{"line":5,"column":28}},"1":{"start":{"line":6,"column":17},"end":{"line":6,"column":29}},"2":{"start":{"line":7,"column":30},"end":{"line":7,"column":49}},"3":{"start":{"line":8,"column":32},"end":{"line":8,"column":46}},"4":{"start":{"line":10,"column":2},"end":{"line":19,"column":11}},"5":{"start":{"line":11,"column":4},"end":{"line":11,"column":20}},"6":{"start":{"line":11,"column":13},"end":{"line":11,"column":20}},"7":{"start":{"line":12,"column":4},"end":{"line":18,"column":38}},"8":{"start":{"line":13,"column":19},"end":{"line":13,"column":29}},"9":{"start":{"line":15,"column":8},"end":{"line":15,"column":31}},"10":{"start":{"line":16,"column":8},"end":{"line":16,"column":26}},"11":{"start":{"line":18,"column":19},"end":{"line":18,"column":36}},"12":{"start":{"line":21,"column":2},"end":{"line":40,"column":4}}},"fnMap":{"0":{"name":"StreamDetalhePage","decl":{"start":{"line":4,"column":24},"end":{"line":4,"column":41}},"loc":{"start":{"line":4,"column":44},"end":{"line":41,"column":1}},"line":4},"1":{"name":"(anonymous_1)","decl":{"start":{"line":10,"column":12},"end":{"line":10,"column":13}},"loc":{"start":{"line":10,"column":18},"end":{"line":19,"column":3}},"line":10},"2":{"name":"(anonymous_2)","decl":{"start":{"line":13,"column":12},"end":{"line":13,"column":13}},"loc":{"start":{"line":13,"column":19},"end":{"line":13,"column":29}},"line":13},"3":{"name":"(anonymous_3)","decl":{"start":{"line":14,"column":12},"end":{"line":14,"column":13}},"loc":{"start":{"line":14,"column":20},"end":{"line":17,"column":7}},"line":14},"4":{"name":"(anonymous_4)","decl":{"start":{"line":18,"column":13},"end":{"line":18,"column":14}},"loc":{"start":{"line":18,"column":19},"end":{"line":18,"column":36}},"line":18}},"branchMap":{"0":{"loc":{"start":{"line":11,"column":4},"end":{"line":11,"column":20}},"type":"if","locations":[{"start":{"line":11,"column":4},"end":{"line":11,"column":20}},{"start":{},"end":{}}],"line":11},"1":{"loc":{"start":{"line":25,"column":9},"end":{"line":25,"column":75}},"type":"binary-expr","locations":[{"start":{"line":25,"column":9},"end":{"line":25,"column":16}},{"start":{"line":25,"column":20},"end":{"line":25,"column":75}}],"line":25},"2":{"loc":{"start":{"line":26,"column":9},"end":{"line":26,"column":86}},"type":"binary-expr","locations":[{"start":{"line":26,"column":9},"end":{"line":26,"column":17}},{"start":{"line":26,"column":21},"end":{"line":26,"column":28}},{"start":{"line":26,"column":32},"end":{"line":26,"column":86}}],"line":26},"3":{"loc":{"start":{"line":27,"column":9},"end":{"line":37,"column":9}},"type":"binary-expr","locations":[{"start":{"line":27,"column":9},"end":{"line":27,"column":17}},{"start":{"line":27,"column":21},"end":{"line":27,"column":27}},{"start":{"line":28,"column":10},"end":{"line":36,"column":16}}],"line":27},"4":{"loc":{"start":{"line":33,"column":43},"end":{"line":33,"column":81}},"type":"cond-expr","locations":[{"start":{"line":33,"column":59},"end":{"line":33,"column":66}},{"start":{"line":33,"column":69},"end":{"line":33,"column":81}}],"line":33},"5":{"loc":{"start":{"line":35,"column":13},"end":{"line":35,"column":117}},"type":"binary-expr","locations":[{"start":{"line":35,"column":13},"end":{"line":35,"column":32}},{"start":{"line":35,"column":36},"end":{"line":35,"column":117}}],"line":35}},"s":{"0":8,"1":8,"2":8,"3":8,"4":8,"5":5,"6":0,"7":5,"8":3,"9":3,"10":3,"11":0,"12":8},"f":{"0":8,"1":5,"2":3,"3":3,"4":0},"b":{"0":[0,5],"1":[8,5],"2":[8,3,1],"3":[8,3,2],"4":[1,1],"5":[2,1]},"_coverageSchema":"1a1c01bbd47fc00a2c39e90264f33305004495a9","hash":"9aa4a3eb87f19f6a7f07171613a40390ad798d2d"}
}
