TN:
SF:app/page.tsx
FN:7,StreamPayDashboard
FN:12,(anonymous_1)
FN:46,(anonymous_2)
FN:71,StreamsList
FN:75,(anonymous_4)
FN:79,(anonymous_5)
FN:80,(anonymous_6)
FN:84,(anonymous_7)
FN:95,(anonymous_8)
FNF:9
FNH:9
FNDA:31,StreamPayDashboard
FNDA:6,(anonymous_1)
FNDA:5,(anonymous_2)
FNDA:57,StreamsList
FNDA:30,(anonymous_4)
FNDA:18,(anonymous_5)
FNDA:11,(anonymous_6)
FNDA:15,(anonymous_7)
FNDA:2,(anonymous_8)
DA:2,6
DA:8,31
DA:9,31
DA:10,30
DA:12,30
DA:13,6
DA:14,1
DA:15,1
DA:17,5
DA:18,5
DA:19,5
DA:27,3
DA:28,2
DA:29,1
DA:31,1
DA:34,3
DA:38,30
DA:46,5
DA:72,57
DA:73,57
DA:75,57
DA:76,30
DA:77,29
DA:78,29
DA:79,18
DA:81,11
DA:82,11
DA:84,15
DA:87,57
DA:88,56
DA:89,33
DA:91,2
DA:96,2
LF:33
LH:33
BRDA:13,0,0,1
BRDA:13,0,1,5
BRDA:28,1,0,1
BRDA:28,1,1,1
BRDA:28,2,0,2
BRDA:28,2,1,1
BRDA:31,3,0,1
BRDA:31,3,1,0
BRDA:56,4,0,30
BRDA:56,4,1,11
BRDA:76,5,0,1
BRDA:76,5,1,29
BRDA:81,6,0,11
BRDA:81,6,1,4
BRDA:87,7,0,1
BRDA:87,7,1,56
BRDA:88,8,0,23
BRDA:88,8,1,33
BRDA:89,9,0,31
BRDA:89,9,1,2
BRDA:101,10,0,1
BRDA:101,10,1,1
BRF:22
BRH:21
end_of_record
TN:
SF:app/cadastro/page.tsx
FN:5,CadastroPage
FN:11,(anonymous_1)
FN:37,(anonymous_2)
FN:38,(anonymous_3)
FN:39,(anonymous_4)
FNF:5
FNH:5
FNDA:28,CadastroPage
FNDA:4,(anonymous_1)
FNDA:4,(anonymous_2)
FNDA:4,(anonymous_3)
FNDA:4,(anonymous_4)
DA:6,28
DA:7,28
DA:8,28
DA:9,28
DA:11,28
DA:12,4
DA:13,4
DA:14,4
DA:15,4
DA:20,3
DA:21,3
DA:22,2
DA:25,1
DA:28,1
DA:32,28
DA:37,4
DA:38,4
DA:39,4
LF:18
LH:18
BRDA:21,0,0,2
BRDA:21,0,1,1
BRDA:21,1,0,3
BRDA:21,1,1,2
BRDA:25,2,0,1
BRDA:25,2,1,0
BRDA:42,3,0,28
BRDA:42,3,1,8
BRF:8
BRH:7
end_of_record
TN:
SF:app/compliance/page.tsx
FN:4,CompliancePage
FN:8,(anonymous_1)
FN:10,(anonymous_2)
FN:11,(anonymous_3)
FN:15,(anonymous_4)
FNF:5
FNH:5
FNDA:14,CompliancePage
FNDA:7,(anonymous_1)
FNDA:6,(anonymous_2)
FNDA:6,(anonymous_3)
FNDA:1,(anonymous_4)
DA:5,14
DA:6,13
DA:8,13
DA:9,7
DA:10,6
DA:12,6
DA:13,6
DA:15,1
DA:18,13
LF:9
LH:9
BRDA:22,0,0,13
BRDA:22,0,1,7
BRDA:23,1,0,13
BRDA:23,1,1,6
BRDA:23,1,2,3
BRDA:25,2,0,2
BRDA:25,2,1,1
BRDA:26,3,0,3
BRDA:26,3,1,1
BRDA:27,4,0,3
BRDA:27,4,1,3
BRDA:30,5,0,13
BRDA:30,5,1,6
BRDA:30,5,2,3
BRF:14
BRH:14
end_of_record
TN:
SF:app/configuracoes/page.tsx
FN:3,ConfiguracoesPage
FN:10,(anonymous_1)
FN:12,(anonymous_2)
FN:13,(anonymous_3)
FN:19,(anonymous_4)
FN:22,(anonymous_5)
FN:50,(anonymous_6)
FN:52,(anonymous_7)
FNF:8
FNH:7
FNDA:25,ConfiguracoesPage
FNDA:8,(anonymous_1)
FNDA:8,(anonymous_2)
FNDA:8,(anonymous_3)
FNDA:1,(anonymous_4)
FNDA:4,(anonymous_5)
FNDA:1,(anonymous_6)
FNDA:0,(anonymous_7)
DA:4,25
DA:5,24
DA:6,24
DA:7,24
DA:8,24
DA:10,24
DA:11,8
DA:12,8
DA:14,8
DA:15,8
DA:16,7
DA:17,7
DA:19,1
DA:22,24
DA:23,4
DA:24,4
DA:25,4
DA:26,4
DA:31,3
DA:32,3
DA:33,1
DA:35,2
DA:38,1
DA:42,24
DA:50,1
DA:52,0
LF:26
LH:25
BRDA:15,0,0,8
BRDA:15,0,1,3
BRDA:16,1,0,7
BRDA:16,1,1,3
BRDA:32,2,0,1
BRDA:32,2,1,2
BRDA:32,3,0,3
BRDA:32,3,1,1
BRDA:35,4,0,2
BRDA:35,4,1,1
BRDA:46,5,0,24
BRDA:46,5,1,8
BRDA:47,6,0,24
BRDA:47,6,1,16
BRDA:47,6,2,15
BRDA:56,7,0,24
BRDA:56,7,1,8
BRDA:57,8,0,24
BRDA:57,8,1,16
BRDA:57,8,2,1
BRF:20
BRH:20
end_of_record
TN:
SF:app/historico/page.tsx
FN:4,HistoricoPage
FN:8,(anonymous_1)
FN:10,(anonymous_2)
FN:11,(anonymous_3)
FN:15,(anonymous_4)
FN:26,(anonymous_5)
FNF:6
FNH:6
FNDA:12,HistoricoPage
FNDA:6,(anonymous_1)
FNDA:5,(anonymous_2)
FNDA:5,(anonymous_3)
FNDA:2,(anonymous_4)
FNDA:1,(anonymous_5)
DA:5,12
DA:6,11
DA:8,11
DA:9,6
DA:10,5
DA:12,5
DA:13,4
DA:15,2
DA:18,11
DA:27,1
LF:10
LH:10
BRDA:12,0,0,5
BRDA:12,0,1,0
BRDA:22,1,0,11
BRDA:22,1,1,6
BRDA:23,2,0,11
BRDA:23,2,1,5
BRDA:23,2,2,4
BRDA:24,3,0,11
BRDA:24,3,1,5
BRDA:24,3,2,1
BRDA:32,4,0,0
BRDA:32,4,1,1
BRF:12
BRH:10
end_of_record
TN:
SF:app/login/page.tsx
FN:4,LoginPage
FN:9,(anonymous_1)
FN:36,(anonymous_2)
FN:37,(anonymous_3)
FNF:4
FNH:4
FNDA:23,LoginPage
FNDA:4,(anonymous_1)
FNDA:4,(anonymous_2)
FNDA:4,(anonymous_3)
DA:5,23
DA:6,23
DA:7,23
DA:9,23
DA:10,4
DA:11,4
DA:12,4
DA:13,4
DA:18,2
DA:19,2
DA:20,1
DA:23,1
DA:26,1
DA:30,23
DA:36,4
DA:37,4
LF:16
LH:16
BRDA:19,0,0,1
BRDA:19,0,1,1
BRDA:19,1,0,2
BRDA:19,1,1,2
BRDA:23,2,0,1
BRDA:23,2,1,0
BRDA:40,3,0,23
BRDA:40,3,1,7
BRF:8
BRH:7
end_of_record
TN:
SF:app/monitoramento/page.tsx
FN:4,MonitoramentoPage
FN:8,(anonymous_1)
FN:10,(anonymous_2)
FN:11,(anonymous_3)
FN:15,(anonymous_4)
FN:25,(anonymous_5)
FNF:6
FNH:5
FNDA:6,MonitoramentoPage
FNDA:3,(anonymous_1)
FNDA:2,(anonymous_2)
FNDA:2,(anonymous_3)
FNDA:1,(anonymous_4)
FNDA:0,(anonymous_5)
DA:5,6
DA:6,5
DA:8,5
DA:9,3
DA:10,2
DA:12,2
DA:13,2
DA:15,1
DA:18,5
DA:26,0
LF:10
LH:9
BRDA:22,0,0,5
BRDA:22,0,1,3
BRDA:23,1,0,5
BRDA:23,1,1,2
BRDA:23,1,2,0
BRDA:27,2,0,0
BRDA:27,2,1,0
BRDA:28,3,0,0
BRDA:28,3,1,0
BRDA:33,4,0,5
BRDA:33,4,1,2
BRDA:33,4,2,2
BRF:12
BRH:7
end_of_record
TN:
SF:app/notificacoes/page.tsx
FN:3,NotificacoesPage
FN:7,(anonymous_1)
FN:9,(anonymous_2)
FN:10,(anonymous_3)
FN:14,(anonymous_4)
FN:25,(anonymous_5)
FNF:6
FNH:5
FNDA:5,NotificacoesPage
FNDA:3,(anonymous_1)
FNDA:2,(anonymous_2)
FNDA:2,(anonymous_3)
FNDA:0,(anonymous_4)
FNDA:2,(anonymous_5)
DA:4,5
DA:5,5
DA:7,5
DA:8,3
DA:9,2
DA:11,2
DA:12,2
DA:14,0
DA:17,5
DA:26,2
LF:10
LH:9
BRDA:11,0,0,2
BRDA:11,0,1,0
BRDA:21,1,0,5
BRDA:21,1,1,3
BRDA:22,2,0,5
BRDA:22,2,1,2
BRDA:22,2,2,1
BRDA:23,3,0,5
BRDA:23,3,1,2
BRDA:23,3,2,1
BRF:10
BRH:9
end_of_record
TN:
SF:app/stream/[id]/page.tsx
FN:4,StreamDetalhePage
FN:10,(anonymous_1)
FN:13,(anonymous_2)
FN:14,(anonymous_3)
FN:18,(anonymous_4)
FNF:5
FNH:4
FNDA:8,StreamDetalhePage
FNDA:5,(anonymous_1)
FNDA:3,(anonymous_2)
FNDA:3,(anonymous_3)
FNDA:0,(anonymous_4)
DA:5,8
DA:6,8
DA:7,8
DA:8,8
DA:10,8
DA:11,5
DA:12,5
DA:13,3
DA:15,3
DA:16,3
DA:18,0
DA:21,8
LF:12
LH:11
BRDA:11,0,0,0
BRDA:11,0,1,5
BRDA:25,1,0,8
BRDA:25,1,1,5
BRDA:26,2,0,8
BRDA:26,2,1,3
BRDA:26,2,2,1
BRDA:27,3,0,8
BRDA:27,3,1,3
BRDA:27,3,2,2
BRDA:33,4,0,1
BRDA:33,4,1,1
BRDA:35,5,0,2
BRDA:35,5,1,1
BRF:14
BRH:13
end_of_record
